# Standard output generated by example1.py, except file paths listed have been modified to omit the portion of the path before the package directory.
Duplicate headword in audio: teuer (current: flawful/src/flawful/data/example1/audio/DiB/DiB-D04_teuer.mp3, previous: flawful/src/flawful/data/example1/audio/DiB/DiB-D08_teuer.mp3)
Duplicate headword in audio: teuer (current: flawful/src/flawful/data/example1/audio/DiB/DiB-D06_teuer.mp3, previous: flawful/src/flawful/data/example1/audio/DiB/DiB-D08_teuer.mp3)
Duplicate headword in audio: verrückt (current: flawful/src/flawful/data/example1/audio/DiB/DiB-D05_verrückt.mp3, previous: flawful/src/flawful/data/example1/audio/DiB/DiB-D04_verrückt.mp3)
Duplicate headword in audio: Professor (current: flawful/src/flawful/data/example1/audio/DiB/DiB-D02_Professor.mp3, previous: flawful/src/flawful/data/example1/audio/DiB/DiB-D08_Professor.mp3)

dupkey: reflist_lb by ['key'] has 2 rows where key is a duplicate

        key Full Word
4  verrückt  verrückt
5  verrückt  verrückt

dupkey: reflist_lc by ['key'] has 2 rows where key is a duplicate

      key Base Word
15  teuer     teuer
1   teuer     teuer

List LA: chapter assigned or in okay-list 18, in DB but no chapter assigned 0, not in DB 1
List LB: chapter assigned or in okay-list 7, in DB but no chapter assigned 0, not in DB 0
List LC: chapter assigned or in okay-list 23, in DB but no chapter assigned 1, not in DB 0

Unused audio files:
flawful/src/flawful/data/example1/audio/DiB/DiB-D08_sollen wir mal zusammen einen Kaffee trinken.mp3
flawful/src/flawful/data/example1/audio/DiB/DiB-D04_du bist ja verrückt.mp3

Notes with German audio by chapter:
has_german_audio  False  True  All
chapter                           
1                     2     5    7
2                     1     4    5
3                     0     4    4
4                     0     2    2
5                     0     3    3
6                     0     1    1
7                     1     5    6
8                     3     2    5
9                     0     3    3
10                    0     1    1
13                    1     0    1
All                   8    30   38

LA: 19 unique headwords (=keys)
LB: 7 unique headwords (=keys)
LC: 24 unique headwords (=keys)

Cross-tabulated frequency counts by reference list
                   headword
In_LA In_LB In_LC          
N     N     Y            22
      Y     N             6
            Y             1
Y     N     N            18
            Y             1
All                      48
